
**** Build of configuration Release for project chelloworld ****

make all 
Building file: ../src/chelloworld.cpp
Invoking: GCC C++ Compiler
g++ -O3 -Wall -c -fmessage-length=0 -MMD -MP -MF"src/chelloworld.d" -MT"src/chelloworld.d" -o "src/chelloworld.o" "../src/chelloworld.cpp"
Finished building: ../src/chelloworld.cpp
 
Building target: chelloworld
Invoking: GCC C++ Linker
g++  -o "chelloworld"  ./src/chelloworld.o   
Finished building target: chelloworld
 

**** Build Finished ****

**** Build of configuration Debug for project chelloworld ****

make all 
Building file: ../src/chelloworld.cpp
Invoking: GCC C++ Compiler
g++ -O0 -g3 -Wall -c -fmessage-length=0 -MMD -MP -MF"src/chelloworld.d" -MT"src/chelloworld.d" -o "src/chelloworld.o" "../src/chelloworld.cpp"
Finished building: ../src/chelloworld.cpp
 
Building target: chelloworld
Invoking: GCC C++ Linker
g++  -o "chelloworld"  ./src/chelloworld.o   
Finished building target: chelloworld
 

**** Build Finished ****
